<?xml version="1.0" encoding="UTF-8"?>
<!-- Generated by org.testng.reporters.JUnitReportReporter -->
<testsuite skipped="0" hostname="Cloudxtensions-MacBook-Pro.local" name="test.java.demo1" tests="1" failures="0" timestamp="24 Apr 2018 11:58:46 GMT" time="0.005" errors="0">
  <testcase name="testMethod" time="0.005" classname="test.java.demo1"/>
</testsuite> <!-- test.java.demo1 -->
